{"/Users/kcirtapnamreve/Documents/DEV/pe-hexsplash-technical-assessment/assets/images/BottomBar.png": {"path":"/Users/kcirtapnamreve/Documents/DEV/pe-hexsplash-technical-assessment/assets/images/BottomBar.png","statementMap":{"0":{"start":{"line":1,"column":0},"end":{"line":1,"column":19}}},"fnMap":{},"branchMap":{},"s":{"0":1},"f":{},"b":{},"_coverageSchema":"1a1c01bbd47fc00a2c39e90264f33305004495a9","hash":"bfa80bf710244cc759041d3ff0274d825703972b"}
,"/Users/kcirtapnamreve/Documents/DEV/pe-hexsplash-technical-assessment/assets/images/ColorView.png": {"path":"/Users/kcirtapnamreve/Documents/DEV/pe-hexsplash-technical-assessment/assets/images/ColorView.png","statementMap":{"0":{"start":{"line":1,"column":0},"end":{"line":1,"column":19}}},"fnMap":{},"branchMap":{},"s":{"0":1},"f":{},"b":{},"_coverageSchema":"1a1c01bbd47fc00a2c39e90264f33305004495a9","hash":"c63cdc67bbcdccd6391998ebc17618011cc36825"}
,"/Users/kcirtapnamreve/Documents/DEV/pe-hexsplash-technical-assessment/components/InfoModal.tsx": {"path":"/Users/kcirtapnamreve/Documents/DEV/pe-hexsplash-technical-assessment/components/InfoModal.tsx","statementMap":{"0":{"start":{"line":12,"column":44},"end":{"line":101,"column":1}},"1":{"start":{"line":13,"column":1},"end":{"line":100,"column":3}},"2":{"start":{"line":105,"column":15},"end":{"line":127,"column":2}}},"fnMap":{"0":{"name":"(anonymous_0)","decl":{"start":{"line":12,"column":44},"end":{"line":12,"column":45}},"loc":{"start":{"line":12,"column":70},"end":{"line":101,"column":1}},"line":12}},"branchMap":{},"s":{"0":1,"1":14,"2":1},"f":{"0":14},"b":{},"_coverageSchema":"1a1c01bbd47fc00a2c39e90264f33305004495a9","hash":"b733127802ade00bec99ba069ced1de018db59d0"}
,"/Users/kcirtapnamreve/Documents/DEV/pe-hexsplash-technical-assessment/components/IsColorDark.tsx": {"path":"/Users/kcirtapnamreve/Documents/DEV/pe-hexsplash-technical-assessment/components/IsColorDark.tsx","statementMap":{"0":{"start":{"line":5,"column":27},"end":{"line":13,"column":1}},"1":{"start":{"line":6,"column":11},"end":{"line":6,"column":29}},"2":{"start":{"line":7,"column":13},"end":{"line":7,"column":28}},"3":{"start":{"line":8,"column":11},"end":{"line":8,"column":29}},"4":{"start":{"line":9,"column":11},"end":{"line":9,"column":28}},"5":{"start":{"line":10,"column":11},"end":{"line":10,"column":28}},"6":{"start":{"line":11,"column":14},"end":{"line":11,"column":50}},"7":{"start":{"line":12,"column":1},"end":{"line":12,"column":19}}},"fnMap":{"0":{"name":"(anonymous_0)","decl":{"start":{"line":5,"column":27},"end":{"line":5,"column":28}},"loc":{"start":{"line":5,"column":55},"end":{"line":13,"column":1}},"line":5}},"branchMap":{},"s":{"0":1,"1":18,"2":18,"3":18,"4":18,"5":18,"6":18,"7":18},"f":{"0":18},"b":{},"_coverageSchema":"1a1c01bbd47fc00a2c39e90264f33305004495a9","hash":"0fba231a04d123659dd3fca0d17903e740679f41"}
,"/Users/kcirtapnamreve/Documents/DEV/pe-hexsplash-technical-assessment/components/StyledText.tsx": {"path":"/Users/kcirtapnamreve/Documents/DEV/pe-hexsplash-technical-assessment/components/StyledText.tsx","statementMap":{"0":{"start":{"line":4,"column":2},"end":{"line":4,"column":80}}},"fnMap":{"0":{"name":"MonoText","decl":{"start":{"line":3,"column":16},"end":{"line":3,"column":24}},"loc":{"start":{"line":3,"column":43},"end":{"line":5,"column":1}},"line":3}},"branchMap":{},"s":{"0":7},"f":{"0":7},"b":{},"_coverageSchema":"1a1c01bbd47fc00a2c39e90264f33305004495a9","hash":"c435bef2033d01b76b6311882e15ca0c347998f4"}
,"/Users/kcirtapnamreve/Documents/DEV/pe-hexsplash-technical-assessment/components/Themed.tsx": {"path":"/Users/kcirtapnamreve/Documents/DEV/pe-hexsplash-technical-assessment/components/Themed.tsx","statementMap":{"0":{"start":{"line":23,"column":16},"end":{"line":23,"column":43}},"1":{"start":{"line":24,"column":25},"end":{"line":24,"column":37}},"2":{"start":{"line":26,"column":2},"end":{"line":30,"column":3}},"3":{"start":{"line":27,"column":4},"end":{"line":27,"column":26}},"4":{"start":{"line":29,"column":4},"end":{"line":29,"column":36}},"5":{"start":{"line":34,"column":58},"end":{"line":34,"column":63}},"6":{"start":{"line":35,"column":16},"end":{"line":35,"column":77}},"7":{"start":{"line":37,"column":2},"end":{"line":37,"column":68}},"8":{"start":{"line":41,"column":58},"end":{"line":41,"column":63}},"9":{"start":{"line":42,"column":26},"end":{"line":42,"column":93}},"10":{"start":{"line":44,"column":2},"end":{"line":44,"column":78}}},"fnMap":{"0":{"name":"useThemeColor","decl":{"start":{"line":19,"column":16},"end":{"line":19,"column":29}},"loc":{"start":{"line":22,"column":2},"end":{"line":31,"column":1}},"line":22},"1":{"name":"Text","decl":{"start":{"line":33,"column":16},"end":{"line":33,"column":20}},"loc":{"start":{"line":33,"column":39},"end":{"line":38,"column":1}},"line":33},"2":{"name":"View","decl":{"start":{"line":40,"column":16},"end":{"line":40,"column":20}},"loc":{"start":{"line":40,"column":39},"end":{"line":45,"column":1}},"line":40}},"branchMap":{"0":{"loc":{"start":{"line":23,"column":16},"end":{"line":23,"column":43}},"type":"binary-expr","locations":[{"start":{"line":23,"column":16},"end":{"line":23,"column":32}},{"start":{"line":23,"column":36},"end":{"line":23,"column":43}}],"line":23},"1":{"loc":{"start":{"line":26,"column":2},"end":{"line":30,"column":3}},"type":"if","locations":[{"start":{"line":26,"column":2},"end":{"line":30,"column":3}},{"start":{"line":28,"column":9},"end":{"line":30,"column":3}}],"line":26}},"s":{"0":7,"1":7,"2":7,"3":0,"4":7,"5":7,"6":7,"7":7,"8":0,"9":0,"10":0},"f":{"0":7,"1":7,"2":0},"b":{"0":[7,0],"1":[0,7]},"_coverageSchema":"1a1c01bbd47fc00a2c39e90264f33305004495a9","hash":"9816bca5d21aebcb02f30be10603a95409b3406f"}
,"/Users/kcirtapnamreve/Documents/DEV/pe-hexsplash-technical-assessment/components/useColorScheme.ts": {"path":"/Users/kcirtapnamreve/Documents/DEV/pe-hexsplash-technical-assessment/components/useColorScheme.ts","statementMap":{},"fnMap":{},"branchMap":{},"s":{},"f":{},"b":{},"_coverageSchema":"1a1c01bbd47fc00a2c39e90264f33305004495a9","hash":"f39a8fdfec970514da23bcd25421fd147610f8e5"}
,"/Users/kcirtapnamreve/Documents/DEV/pe-hexsplash-technical-assessment/constants/Colors.ts": {"path":"/Users/kcirtapnamreve/Documents/DEV/pe-hexsplash-technical-assessment/constants/Colors.ts","statementMap":{"0":{"start":{"line":1,"column":23},"end":{"line":1,"column":32}},"1":{"start":{"line":2,"column":22},"end":{"line":2,"column":28}}},"fnMap":{},"branchMap":{},"s":{"0":2,"1":2},"f":{},"b":{},"_coverageSchema":"1a1c01bbd47fc00a2c39e90264f33305004495a9","hash":"774e979cd4f57adfe311a3479c69380479d8feb3"}
}
