TN:
SF:assets/images/BottomBar.png
FNF:0
FNH:0
DA:1,1
LF:1
LH:1
BRF:0
BRH:0
end_of_record
TN:
SF:assets/images/ColorView.png
FNF:0
FNH:0
DA:1,1
LF:1
LH:1
BRF:0
BRH:0
end_of_record
TN:
SF:components/InfoModal.tsx
FN:12,(anonymous_0)
FNF:1
FNH:1
FNDA:14,(anonymous_0)
DA:12,1
DA:13,14
DA:105,1
LF:3
LH:3
BRF:0
BRH:0
end_of_record
TN:
SF:components/IsColorDark.tsx
FN:5,(anonymous_0)
FNF:1
FNH:1
FNDA:18,(anonymous_0)
DA:5,1
DA:6,18
DA:7,18
DA:8,18
DA:9,18
DA:10,18
DA:11,18
DA:12,18
LF:8
LH:8
BRF:0
BRH:0
end_of_record
TN:
SF:components/StyledText.tsx
FN:3,MonoText
FNF:1
FNH:1
FNDA:7,MonoText
DA:4,7
LF:1
LH:1
BRF:0
BRH:0
end_of_record
TN:
SF:components/Themed.tsx
FN:19,useThemeColor
FN:33,Text
FN:40,View
FNF:3
FNH:2
FNDA:7,useThemeColor
FNDA:7,Text
FNDA:0,View
DA:23,7
DA:24,7
DA:26,7
DA:27,0
DA:29,7
DA:34,7
DA:35,7
DA:37,7
DA:41,0
DA:42,0
DA:44,0
LF:11
LH:7
BRDA:23,0,0,7
BRDA:23,0,1,0
BRDA:26,1,0,0
BRDA:26,1,1,7
BRF:4
BRH:2
end_of_record
TN:
SF:components/useColorScheme.ts
FNF:0
FNH:0
LF:0
LH:0
BRF:0
BRH:0
end_of_record
TN:
SF:constants/Colors.ts
FNF:0
FNH:0
DA:1,2
DA:2,2
LF:2
LH:2
BRF:0
BRH:0
end_of_record
